2023-02-26 13:45:52,483 INFO [main] o.a.n.b.NotificationServiceManager Successfully loaded the following 0 services: []
2023-02-26 13:45:52,488 INFO [main] org.apache.nifi.bootstrap.RunNiFi Registered no Notification Services for Notification Type NIFI_STARTED
2023-02-26 13:45:52,489 INFO [main] org.apache.nifi.bootstrap.RunNiFi Registered no Notification Services for Notification Type NIFI_STOPPED
2023-02-26 13:45:52,489 INFO [main] org.apache.nifi.bootstrap.RunNiFi Registered no Notification Services for Notification Type NIFI_DIED
2023-02-26 13:45:52,492 INFO [main] org.apache.nifi.bootstrap.RunNiFi Runtime Java version: 11.0.18
2023-02-26 13:45:52,520 INFO [main] org.apache.nifi.bootstrap.Command Starting Apache NiFi...
2023-02-26 13:45:52,521 INFO [main] org.apache.nifi.bootstrap.Command Working Directory: /opt/nifi/nifi-current
2023-02-26 13:45:52,521 INFO [main] org.apache.nifi.bootstrap.Command Command: /opt/java/openjdk/bin/java -classpath /opt/nifi/nifi-current/./conf:/opt/nifi/nifi-current/./lib/javax.servlet-api-3.1.0.jar:/opt/nifi/nifi-current/./lib/jcl-over-slf4j-2.0.6.jar:/opt/nifi/nifi-current/./lib/jetty-schemas-5.2.jar:/opt/nifi/nifi-current/./lib/jul-to-slf4j-2.0.6.jar:/opt/nifi/nifi-current/./lib/log4j-over-slf4j-2.0.6.jar:/opt/nifi/nifi-current/./lib/logback-classic-1.3.5.jar:/opt/nifi/nifi-current/./lib/logback-core-1.3.5.jar:/opt/nifi/nifi-current/./lib/nifi-api-1.20.0.jar:/opt/nifi/nifi-current/./lib/nifi-framework-api-1.20.0.jar:/opt/nifi/nifi-current/./lib/nifi-nar-utils-1.20.0.jar:/opt/nifi/nifi-current/./lib/nifi-properties-1.20.0.jar:/opt/nifi/nifi-current/./lib/nifi-property-utils-1.20.0.jar:/opt/nifi/nifi-current/./lib/nifi-runtime-1.20.0.jar:/opt/nifi/nifi-current/./lib/nifi-server-api-1.20.0.jar:/opt/nifi/nifi-current/./lib/nifi-stateless-api-1.20.0.jar:/opt/nifi/nifi-current/./lib/nifi-stateless-bootstrap-1.20.0.jar:/opt/nifi/nifi-current/./lib/slf4j-api-2.0.6.jar:/opt/nifi/nifi-current/./lib/java11/istack-commons-runtime-3.0.12.jar:/opt/nifi/nifi-current/./lib/java11/jakarta.activation-1.2.2.jar:/opt/nifi/nifi-current/./lib/java11/jakarta.activation-api-1.2.2.jar:/opt/nifi/nifi-current/./lib/java11/jakarta.xml.bind-api-2.3.3.jar:/opt/nifi/nifi-current/./lib/java11/javax.annotation-api-1.3.2.jar:/opt/nifi/nifi-current/./lib/java11/jaxb-runtime-2.3.5.jar:/opt/nifi/nifi-current/./lib/java11/txw2-2.3.5.jar -Dorg.apache.jasper.compiler.disablejsr199=true -Xmx512m -Xms512m -Dcurator-log-only-first-connection-issue-as-error-level=true -Djavax.security.auth.useSubjectCredsOnly=true -Djava.security.egd=file:/dev/urandom -Dzookeeper.admin.enableServer=false -Dsun.net.http.allowRestrictedHeaders=true -Djava.net.preferIPv4Stack=true -Djava.awt.headless=true -Djava.protocol.handler.pkgs=sun.net.www.protocol -Dnifi.properties.file.path=/opt/nifi/nifi-current/./conf/nifi.properties -Dnifi.bootstrap.listen.port=46485 -Dapp=NiFi -Dorg.apache.nifi.bootstrap.config.log.dir=/opt/nifi/nifi-current/logs org.apache.nifi.NiFi 
2023-02-26 13:45:52,563 INFO [main] org.apache.nifi.bootstrap.Command Launched Apache NiFi with Process ID 115
2023-02-26 13:45:53,137 INFO [NiFi Bootstrap Command Listener] org.apache.nifi.bootstrap.RunNiFi Apache NiFi now running and listening for Bootstrap requests on port 33977
2023-02-26 13:46:06,471 ERROR [NiFi logging handler] org.apache.nifi.StdErr Warning: Nashorn engine is planned to be removed from a future JDK release
2023-02-26 13:46:07,401 ERROR [NiFi logging handler] org.apache.nifi.StdErr Warning: Nashorn engine is planned to be removed from a future JDK release
2023-02-26 13:46:07,408 ERROR [NiFi logging handler] org.apache.nifi.StdErr Warning: Nashorn engine is planned to be removed from a future JDK release
2023-02-26 13:46:07,435 ERROR [NiFi logging handler] org.apache.nifi.StdErr Warning: Nashorn engine is planned to be removed from a future JDK release
2023-02-26 13:46:07,471 ERROR [NiFi logging handler] org.apache.nifi.StdErr Warning: Nashorn engine is planned to be removed from a future JDK release
2023-02-26 13:46:07,561 ERROR [NiFi logging handler] org.apache.nifi.StdErr Warning: Nashorn engine is planned to be removed from a future JDK release
2023-02-26 13:46:07,567 ERROR [NiFi logging handler] org.apache.nifi.StdErr Warning: Nashorn engine is planned to be removed from a future JDK release
2023-02-26 13:46:07,589 ERROR [NiFi logging handler] org.apache.nifi.StdErr Warning: Nashorn engine is planned to be removed from a future JDK release
2023-02-26 13:46:07,607 ERROR [NiFi logging handler] org.apache.nifi.StdErr Warning: Nashorn engine is planned to be removed from a future JDK release
2023-02-26 13:46:17,915 INFO [main] o.a.n.b.NotificationServiceManager Successfully loaded the following 0 services: []
2023-02-26 13:46:17,917 INFO [main] org.apache.nifi.bootstrap.RunNiFi Registered no Notification Services for Notification Type NIFI_STARTED
2023-02-26 13:46:17,917 INFO [main] org.apache.nifi.bootstrap.RunNiFi Registered no Notification Services for Notification Type NIFI_STOPPED
2023-02-26 13:46:17,917 INFO [main] org.apache.nifi.bootstrap.RunNiFi Registered no Notification Services for Notification Type NIFI_DIED
2023-02-26 13:46:17,929 INFO [main] org.apache.nifi.bootstrap.Command Apache NiFi has accepted the Shutdown Command and is shutting down now
2023-02-26 13:46:17,970 INFO [main] org.apache.nifi.bootstrap.Command NiFi PID [115] shutdown in progress...
2023-02-26 13:46:19,972 INFO [main] org.apache.nifi.bootstrap.Command NiFi PID [115] shutdown in progress...
2023-02-26 13:46:20,568 INFO [main] org.apache.nifi.bootstrap.RunNiFi A shutdown was initiated. Will not restart NiFi
2023-02-26 13:46:21,975 INFO [main] org.apache.nifi.bootstrap.Command NiFi PID [115] shutdown completed
2023-02-26 14:02:17,297 INFO [main] o.a.n.b.NotificationServiceManager Successfully loaded the following 0 services: []
2023-02-26 14:02:17,300 INFO [main] org.apache.nifi.bootstrap.RunNiFi Registered no Notification Services for Notification Type NIFI_STARTED
2023-02-26 14:02:17,300 INFO [main] org.apache.nifi.bootstrap.RunNiFi Registered no Notification Services for Notification Type NIFI_STOPPED
2023-02-26 14:02:17,300 INFO [main] org.apache.nifi.bootstrap.RunNiFi Registered no Notification Services for Notification Type NIFI_DIED
2023-02-26 14:02:17,302 INFO [main] org.apache.nifi.bootstrap.RunNiFi Runtime Java version: 11.0.18
2023-02-26 14:02:17,319 INFO [main] org.apache.nifi.bootstrap.Command Starting Apache NiFi...
2023-02-26 14:02:17,319 INFO [main] org.apache.nifi.bootstrap.Command Working Directory: /opt/nifi/nifi-current
2023-02-26 14:02:17,320 INFO [main] org.apache.nifi.bootstrap.Command Command: /opt/java/openjdk/bin/java -classpath /opt/nifi/nifi-current/./conf:/opt/nifi/nifi-current/./lib/javax.servlet-api-3.1.0.jar:/opt/nifi/nifi-current/./lib/jcl-over-slf4j-2.0.6.jar:/opt/nifi/nifi-current/./lib/jetty-schemas-5.2.jar:/opt/nifi/nifi-current/./lib/jul-to-slf4j-2.0.6.jar:/opt/nifi/nifi-current/./lib/log4j-over-slf4j-2.0.6.jar:/opt/nifi/nifi-current/./lib/logback-classic-1.3.5.jar:/opt/nifi/nifi-current/./lib/logback-core-1.3.5.jar:/opt/nifi/nifi-current/./lib/nifi-api-1.20.0.jar:/opt/nifi/nifi-current/./lib/nifi-framework-api-1.20.0.jar:/opt/nifi/nifi-current/./lib/nifi-nar-utils-1.20.0.jar:/opt/nifi/nifi-current/./lib/nifi-properties-1.20.0.jar:/opt/nifi/nifi-current/./lib/nifi-property-utils-1.20.0.jar:/opt/nifi/nifi-current/./lib/nifi-runtime-1.20.0.jar:/opt/nifi/nifi-current/./lib/nifi-server-api-1.20.0.jar:/opt/nifi/nifi-current/./lib/nifi-stateless-api-1.20.0.jar:/opt/nifi/nifi-current/./lib/nifi-stateless-bootstrap-1.20.0.jar:/opt/nifi/nifi-current/./lib/slf4j-api-2.0.6.jar:/opt/nifi/nifi-current/./lib/java11/istack-commons-runtime-3.0.12.jar:/opt/nifi/nifi-current/./lib/java11/jakarta.activation-1.2.2.jar:/opt/nifi/nifi-current/./lib/java11/jakarta.activation-api-1.2.2.jar:/opt/nifi/nifi-current/./lib/java11/jakarta.xml.bind-api-2.3.3.jar:/opt/nifi/nifi-current/./lib/java11/javax.annotation-api-1.3.2.jar:/opt/nifi/nifi-current/./lib/java11/jaxb-runtime-2.3.5.jar:/opt/nifi/nifi-current/./lib/java11/txw2-2.3.5.jar -Dorg.apache.jasper.compiler.disablejsr199=true -Xmx512m -Xms512m -Dcurator-log-only-first-connection-issue-as-error-level=true -Djavax.security.auth.useSubjectCredsOnly=true -Djava.security.egd=file:/dev/urandom -Dzookeeper.admin.enableServer=false -Dsun.net.http.allowRestrictedHeaders=true -Djava.net.preferIPv4Stack=true -Djava.awt.headless=true -Djava.protocol.handler.pkgs=sun.net.www.protocol -Dnifi.properties.file.path=/opt/nifi/nifi-current/./conf/nifi.properties -Dnifi.bootstrap.listen.port=36003 -Dapp=NiFi -Dorg.apache.nifi.bootstrap.config.log.dir=/opt/nifi/nifi-current/logs org.apache.nifi.NiFi 
2023-02-26 14:02:17,373 INFO [main] org.apache.nifi.bootstrap.Command Launched Apache NiFi with Process ID 114
2023-02-26 14:02:17,829 INFO [NiFi Bootstrap Command Listener] org.apache.nifi.bootstrap.RunNiFi Apache NiFi now running and listening for Bootstrap requests on port 40081
2023-02-26 14:02:32,184 ERROR [NiFi logging handler] org.apache.nifi.StdErr Warning: Nashorn engine is planned to be removed from a future JDK release
2023-02-26 14:02:33,796 ERROR [NiFi logging handler] org.apache.nifi.StdErr Warning: Nashorn engine is planned to be removed from a future JDK release
2023-02-26 14:02:33,804 ERROR [NiFi logging handler] org.apache.nifi.StdErr Warning: Nashorn engine is planned to be removed from a future JDK release
2023-02-26 14:02:33,820 ERROR [NiFi logging handler] org.apache.nifi.StdErr Warning: Nashorn engine is planned to be removed from a future JDK release
2023-02-26 14:02:33,833 ERROR [NiFi logging handler] org.apache.nifi.StdErr Warning: Nashorn engine is planned to be removed from a future JDK release
2023-02-26 14:02:33,839 ERROR [NiFi logging handler] org.apache.nifi.StdErr Warning: Nashorn engine is planned to be removed from a future JDK release
2023-02-26 14:02:33,851 ERROR [NiFi logging handler] org.apache.nifi.StdErr Warning: Nashorn engine is planned to be removed from a future JDK release
2023-02-26 14:02:33,967 ERROR [NiFi logging handler] org.apache.nifi.StdErr Warning: Nashorn engine is planned to be removed from a future JDK release
2023-02-26 14:02:34,243 ERROR [NiFi logging handler] org.apache.nifi.StdErr Warning: Nashorn engine is planned to be removed from a future JDK release
2023-02-26 14:05:58,795 INFO [main] o.a.n.b.NotificationServiceManager Successfully loaded the following 0 services: []
2023-02-26 14:05:58,797 INFO [main] org.apache.nifi.bootstrap.RunNiFi Registered no Notification Services for Notification Type NIFI_STARTED
2023-02-26 14:05:58,797 INFO [main] org.apache.nifi.bootstrap.RunNiFi Registered no Notification Services for Notification Type NIFI_STOPPED
2023-02-26 14:05:58,797 INFO [main] org.apache.nifi.bootstrap.RunNiFi Registered no Notification Services for Notification Type NIFI_DIED
2023-02-26 14:05:58,809 INFO [main] org.apache.nifi.bootstrap.Command Apache NiFi has accepted the Shutdown Command and is shutting down now
2023-02-26 14:05:58,854 INFO [main] org.apache.nifi.bootstrap.Command NiFi PID [114] shutdown in progress...
2023-02-26 14:06:00,857 INFO [main] org.apache.nifi.bootstrap.Command NiFi PID [114] shutdown in progress...
2023-02-26 14:06:01,402 INFO [main] org.apache.nifi.bootstrap.RunNiFi A shutdown was initiated. Will not restart NiFi
2023-02-26 14:06:02,860 INFO [main] org.apache.nifi.bootstrap.Command NiFi PID [114] shutdown completed
2023-02-26 14:06:13,630 INFO [main] o.a.n.b.NotificationServiceManager Successfully loaded the following 0 services: []
2023-02-26 14:06:13,632 INFO [main] org.apache.nifi.bootstrap.RunNiFi Registered no Notification Services for Notification Type NIFI_STARTED
2023-02-26 14:06:13,632 INFO [main] org.apache.nifi.bootstrap.RunNiFi Registered no Notification Services for Notification Type NIFI_STOPPED
2023-02-26 14:06:13,632 INFO [main] org.apache.nifi.bootstrap.RunNiFi Registered no Notification Services for Notification Type NIFI_DIED
2023-02-26 14:06:13,634 INFO [main] org.apache.nifi.bootstrap.RunNiFi Runtime Java version: 11.0.18
2023-02-26 14:06:13,647 INFO [main] org.apache.nifi.bootstrap.Command Starting Apache NiFi...
2023-02-26 14:06:13,647 INFO [main] org.apache.nifi.bootstrap.Command Working Directory: /opt/nifi/nifi-current
2023-02-26 14:06:13,647 INFO [main] org.apache.nifi.bootstrap.Command Command: /opt/java/openjdk/bin/java -classpath /opt/nifi/nifi-current/./conf:/opt/nifi/nifi-current/./lib/javax.servlet-api-3.1.0.jar:/opt/nifi/nifi-current/./lib/jcl-over-slf4j-2.0.6.jar:/opt/nifi/nifi-current/./lib/jetty-schemas-5.2.jar:/opt/nifi/nifi-current/./lib/jul-to-slf4j-2.0.6.jar:/opt/nifi/nifi-current/./lib/log4j-over-slf4j-2.0.6.jar:/opt/nifi/nifi-current/./lib/logback-classic-1.3.5.jar:/opt/nifi/nifi-current/./lib/logback-core-1.3.5.jar:/opt/nifi/nifi-current/./lib/nifi-api-1.20.0.jar:/opt/nifi/nifi-current/./lib/nifi-framework-api-1.20.0.jar:/opt/nifi/nifi-current/./lib/nifi-nar-utils-1.20.0.jar:/opt/nifi/nifi-current/./lib/nifi-properties-1.20.0.jar:/opt/nifi/nifi-current/./lib/nifi-property-utils-1.20.0.jar:/opt/nifi/nifi-current/./lib/nifi-runtime-1.20.0.jar:/opt/nifi/nifi-current/./lib/nifi-server-api-1.20.0.jar:/opt/nifi/nifi-current/./lib/nifi-stateless-api-1.20.0.jar:/opt/nifi/nifi-current/./lib/nifi-stateless-bootstrap-1.20.0.jar:/opt/nifi/nifi-current/./lib/slf4j-api-2.0.6.jar:/opt/nifi/nifi-current/./lib/java11/istack-commons-runtime-3.0.12.jar:/opt/nifi/nifi-current/./lib/java11/jakarta.activation-1.2.2.jar:/opt/nifi/nifi-current/./lib/java11/jakarta.activation-api-1.2.2.jar:/opt/nifi/nifi-current/./lib/java11/jakarta.xml.bind-api-2.3.3.jar:/opt/nifi/nifi-current/./lib/java11/javax.annotation-api-1.3.2.jar:/opt/nifi/nifi-current/./lib/java11/jaxb-runtime-2.3.5.jar:/opt/nifi/nifi-current/./lib/java11/txw2-2.3.5.jar -Dorg.apache.jasper.compiler.disablejsr199=true -Xmx512m -Xms512m -Dcurator-log-only-first-connection-issue-as-error-level=true -Djavax.security.auth.useSubjectCredsOnly=true -Djava.security.egd=file:/dev/urandom -Dzookeeper.admin.enableServer=false -Dsun.net.http.allowRestrictedHeaders=true -Djava.net.preferIPv4Stack=true -Djava.awt.headless=true -Djava.protocol.handler.pkgs=sun.net.www.protocol -Dnifi.properties.file.path=/opt/nifi/nifi-current/./conf/nifi.properties -Dnifi.bootstrap.listen.port=41021 -Dapp=NiFi -Dorg.apache.nifi.bootstrap.config.log.dir=/opt/nifi/nifi-current/logs org.apache.nifi.NiFi 
2023-02-26 14:06:13,698 INFO [main] org.apache.nifi.bootstrap.Command Launched Apache NiFi with Process ID 115
2023-02-26 14:06:14,123 INFO [NiFi Bootstrap Command Listener] org.apache.nifi.bootstrap.RunNiFi Apache NiFi now running and listening for Bootstrap requests on port 39353
2023-02-26 14:06:25,967 ERROR [NiFi logging handler] org.apache.nifi.StdErr Warning: Nashorn engine is planned to be removed from a future JDK release
2023-02-26 14:06:30,912 ERROR [NiFi logging handler] org.apache.nifi.StdErr Warning: Nashorn engine is planned to be removed from a future JDK release
2023-02-26 14:06:30,940 ERROR [NiFi logging handler] org.apache.nifi.StdErr Warning: Nashorn engine is planned to be removed from a future JDK release
2023-02-26 14:06:30,950 ERROR [NiFi logging handler] org.apache.nifi.StdErr Warning: Nashorn engine is planned to be removed from a future JDK release
2023-02-26 14:06:30,994 ERROR [NiFi logging handler] org.apache.nifi.StdErr Warning: Nashorn engine is planned to be removed from a future JDK release
2023-02-26 14:06:31,012 ERROR [NiFi logging handler] org.apache.nifi.StdErr Warning: Nashorn engine is planned to be removed from a future JDK release
2023-02-26 14:06:31,030 ERROR [NiFi logging handler] org.apache.nifi.StdErr Warning: Nashorn engine is planned to be removed from a future JDK release
2023-02-26 14:06:31,146 ERROR [NiFi logging handler] org.apache.nifi.StdErr Warning: Nashorn engine is planned to be removed from a future JDK release
2023-02-26 14:06:31,484 ERROR [NiFi logging handler] org.apache.nifi.StdErr Warning: Nashorn engine is planned to be removed from a future JDK release
2023-02-26 14:09:12,874 INFO [main] o.a.n.b.NotificationServiceManager Successfully loaded the following 0 services: []
2023-02-26 14:09:12,876 INFO [main] org.apache.nifi.bootstrap.RunNiFi Registered no Notification Services for Notification Type NIFI_STARTED
2023-02-26 14:09:12,876 INFO [main] org.apache.nifi.bootstrap.RunNiFi Registered no Notification Services for Notification Type NIFI_STOPPED
2023-02-26 14:09:12,876 INFO [main] org.apache.nifi.bootstrap.RunNiFi Registered no Notification Services for Notification Type NIFI_DIED
2023-02-26 14:09:12,888 INFO [main] org.apache.nifi.bootstrap.Command Apache NiFi has accepted the Shutdown Command and is shutting down now
2023-02-26 14:09:12,928 INFO [main] org.apache.nifi.bootstrap.Command NiFi PID [115] shutdown in progress...
2023-02-26 14:09:14,726 INFO [main] org.apache.nifi.bootstrap.RunNiFi A shutdown was initiated. Will not restart NiFi
2023-02-26 14:09:14,931 INFO [main] org.apache.nifi.bootstrap.Command NiFi PID [115] shutdown completed
2023-02-26 14:09:23,150 INFO [main] o.a.n.b.NotificationServiceManager Successfully loaded the following 0 services: []
2023-02-26 14:09:23,152 INFO [main] org.apache.nifi.bootstrap.RunNiFi Registered no Notification Services for Notification Type NIFI_STARTED
2023-02-26 14:09:23,152 INFO [main] org.apache.nifi.bootstrap.RunNiFi Registered no Notification Services for Notification Type NIFI_STOPPED
2023-02-26 14:09:23,152 INFO [main] org.apache.nifi.bootstrap.RunNiFi Registered no Notification Services for Notification Type NIFI_DIED
2023-02-26 14:09:23,154 INFO [main] org.apache.nifi.bootstrap.RunNiFi Runtime Java version: 11.0.18
2023-02-26 14:09:23,171 INFO [main] org.apache.nifi.bootstrap.Command Starting Apache NiFi...
2023-02-26 14:09:23,171 INFO [main] org.apache.nifi.bootstrap.Command Working Directory: /opt/nifi/nifi-current
2023-02-26 14:09:23,171 INFO [main] org.apache.nifi.bootstrap.Command Command: /opt/java/openjdk/bin/java -classpath /opt/nifi/nifi-current/./conf:/opt/nifi/nifi-current/./lib/javax.servlet-api-3.1.0.jar:/opt/nifi/nifi-current/./lib/jcl-over-slf4j-2.0.6.jar:/opt/nifi/nifi-current/./lib/jetty-schemas-5.2.jar:/opt/nifi/nifi-current/./lib/jul-to-slf4j-2.0.6.jar:/opt/nifi/nifi-current/./lib/log4j-over-slf4j-2.0.6.jar:/opt/nifi/nifi-current/./lib/logback-classic-1.3.5.jar:/opt/nifi/nifi-current/./lib/logback-core-1.3.5.jar:/opt/nifi/nifi-current/./lib/nifi-api-1.20.0.jar:/opt/nifi/nifi-current/./lib/nifi-framework-api-1.20.0.jar:/opt/nifi/nifi-current/./lib/nifi-nar-utils-1.20.0.jar:/opt/nifi/nifi-current/./lib/nifi-properties-1.20.0.jar:/opt/nifi/nifi-current/./lib/nifi-property-utils-1.20.0.jar:/opt/nifi/nifi-current/./lib/nifi-runtime-1.20.0.jar:/opt/nifi/nifi-current/./lib/nifi-server-api-1.20.0.jar:/opt/nifi/nifi-current/./lib/nifi-stateless-api-1.20.0.jar:/opt/nifi/nifi-current/./lib/nifi-stateless-bootstrap-1.20.0.jar:/opt/nifi/nifi-current/./lib/slf4j-api-2.0.6.jar:/opt/nifi/nifi-current/./lib/java11/istack-commons-runtime-3.0.12.jar:/opt/nifi/nifi-current/./lib/java11/jakarta.activation-1.2.2.jar:/opt/nifi/nifi-current/./lib/java11/jakarta.activation-api-1.2.2.jar:/opt/nifi/nifi-current/./lib/java11/jakarta.xml.bind-api-2.3.3.jar:/opt/nifi/nifi-current/./lib/java11/javax.annotation-api-1.3.2.jar:/opt/nifi/nifi-current/./lib/java11/jaxb-runtime-2.3.5.jar:/opt/nifi/nifi-current/./lib/java11/txw2-2.3.5.jar -Dorg.apache.jasper.compiler.disablejsr199=true -Xmx512m -Xms512m -Dcurator-log-only-first-connection-issue-as-error-level=true -Djavax.security.auth.useSubjectCredsOnly=true -Djava.security.egd=file:/dev/urandom -Dzookeeper.admin.enableServer=false -Dsun.net.http.allowRestrictedHeaders=true -Djava.net.preferIPv4Stack=true -Djava.awt.headless=true -Djava.protocol.handler.pkgs=sun.net.www.protocol -Dnifi.properties.file.path=/opt/nifi/nifi-current/./conf/nifi.properties -Dnifi.bootstrap.listen.port=40811 -Dapp=NiFi -Dorg.apache.nifi.bootstrap.config.log.dir=/opt/nifi/nifi-current/logs org.apache.nifi.NiFi 
2023-02-26 14:09:23,227 INFO [main] org.apache.nifi.bootstrap.Command Launched Apache NiFi with Process ID 114
2023-02-26 14:09:23,647 INFO [NiFi Bootstrap Command Listener] org.apache.nifi.bootstrap.RunNiFi Apache NiFi now running and listening for Bootstrap requests on port 37347
2023-02-26 14:09:37,125 ERROR [NiFi logging handler] org.apache.nifi.StdErr Warning: Nashorn engine is planned to be removed from a future JDK release
2023-02-26 14:09:37,562 INFO [main] o.a.n.b.NotificationServiceManager Successfully loaded the following 0 services: []
2023-02-26 14:09:37,564 INFO [main] org.apache.nifi.bootstrap.RunNiFi Registered no Notification Services for Notification Type NIFI_STARTED
2023-02-26 14:09:37,564 INFO [main] org.apache.nifi.bootstrap.RunNiFi Registered no Notification Services for Notification Type NIFI_STOPPED
2023-02-26 14:09:37,564 INFO [main] org.apache.nifi.bootstrap.RunNiFi Registered no Notification Services for Notification Type NIFI_DIED
2023-02-26 14:09:37,576 INFO [main] org.apache.nifi.bootstrap.Command Apache NiFi has accepted the Shutdown Command and is shutting down now
2023-02-26 14:09:37,605 INFO [main] org.apache.nifi.bootstrap.Command NiFi PID [114] shutdown in progress...
2023-02-26 14:09:39,174 ERROR [NiFi logging handler] org.apache.nifi.StdErr Warning: Nashorn engine is planned to be removed from a future JDK release
2023-02-26 14:09:39,181 ERROR [NiFi logging handler] org.apache.nifi.StdErr Warning: Nashorn engine is planned to be removed from a future JDK release
2023-02-26 14:09:39,211 ERROR [NiFi logging handler] org.apache.nifi.StdErr Warning: Nashorn engine is planned to be removed from a future JDK release
2023-02-26 14:09:39,305 ERROR [NiFi logging handler] org.apache.nifi.StdErr Warning: Nashorn engine is planned to be removed from a future JDK release
2023-02-26 14:09:39,313 ERROR [NiFi logging handler] org.apache.nifi.StdErr Warning: Nashorn engine is planned to be removed from a future JDK release
2023-02-26 14:09:39,319 ERROR [NiFi logging handler] org.apache.nifi.StdErr Warning: Nashorn engine is planned to be removed from a future JDK release
2023-02-26 14:09:39,323 ERROR [NiFi logging handler] org.apache.nifi.StdErr Warning: Nashorn engine is planned to be removed from a future JDK release
2023-02-26 14:09:39,335 ERROR [NiFi logging handler] org.apache.nifi.StdErr Warning: Nashorn engine is planned to be removed from a future JDK release
2023-02-26 14:09:39,607 INFO [main] org.apache.nifi.bootstrap.Command NiFi PID [114] shutdown in progress...
2023-02-26 14:09:41,614 INFO [main] org.apache.nifi.bootstrap.Command NiFi PID [114] shutdown in progress...
2023-02-26 14:09:43,618 INFO [main] org.apache.nifi.bootstrap.Command NiFi PID [114] shutdown in progress...
2023-02-26 14:09:45,621 INFO [main] org.apache.nifi.bootstrap.Command NiFi PID [114] shutdown in progress...
2023-02-26 14:21:41,140 INFO [main] o.a.n.b.NotificationServiceManager Successfully loaded the following 0 services: []
2023-02-26 14:21:41,142 INFO [main] org.apache.nifi.bootstrap.RunNiFi Registered no Notification Services for Notification Type NIFI_STARTED
2023-02-26 14:21:41,142 INFO [main] org.apache.nifi.bootstrap.RunNiFi Registered no Notification Services for Notification Type NIFI_STOPPED
2023-02-26 14:21:41,142 INFO [main] org.apache.nifi.bootstrap.RunNiFi Registered no Notification Services for Notification Type NIFI_DIED
2023-02-26 14:21:41,144 INFO [main] org.apache.nifi.bootstrap.RunNiFi Runtime Java version: 11.0.18
2023-02-26 14:21:41,158 INFO [main] org.apache.nifi.bootstrap.Command Starting Apache NiFi...
2023-02-26 14:21:41,159 INFO [main] org.apache.nifi.bootstrap.Command Working Directory: /opt/nifi/nifi-current
2023-02-26 14:21:41,159 INFO [main] org.apache.nifi.bootstrap.Command Command: /opt/java/openjdk/bin/java -classpath /opt/nifi/nifi-current/./conf:/opt/nifi/nifi-current/./lib/javax.servlet-api-3.1.0.jar:/opt/nifi/nifi-current/./lib/jcl-over-slf4j-2.0.6.jar:/opt/nifi/nifi-current/./lib/jetty-schemas-5.2.jar:/opt/nifi/nifi-current/./lib/jul-to-slf4j-2.0.6.jar:/opt/nifi/nifi-current/./lib/log4j-over-slf4j-2.0.6.jar:/opt/nifi/nifi-current/./lib/logback-classic-1.3.5.jar:/opt/nifi/nifi-current/./lib/logback-core-1.3.5.jar:/opt/nifi/nifi-current/./lib/nifi-api-1.20.0.jar:/opt/nifi/nifi-current/./lib/nifi-framework-api-1.20.0.jar:/opt/nifi/nifi-current/./lib/nifi-nar-utils-1.20.0.jar:/opt/nifi/nifi-current/./lib/nifi-properties-1.20.0.jar:/opt/nifi/nifi-current/./lib/nifi-property-utils-1.20.0.jar:/opt/nifi/nifi-current/./lib/nifi-runtime-1.20.0.jar:/opt/nifi/nifi-current/./lib/nifi-server-api-1.20.0.jar:/opt/nifi/nifi-current/./lib/nifi-stateless-api-1.20.0.jar:/opt/nifi/nifi-current/./lib/nifi-stateless-bootstrap-1.20.0.jar:/opt/nifi/nifi-current/./lib/slf4j-api-2.0.6.jar:/opt/nifi/nifi-current/./lib/java11/istack-commons-runtime-3.0.12.jar:/opt/nifi/nifi-current/./lib/java11/jakarta.activation-1.2.2.jar:/opt/nifi/nifi-current/./lib/java11/jakarta.activation-api-1.2.2.jar:/opt/nifi/nifi-current/./lib/java11/jakarta.xml.bind-api-2.3.3.jar:/opt/nifi/nifi-current/./lib/java11/javax.annotation-api-1.3.2.jar:/opt/nifi/nifi-current/./lib/java11/jaxb-runtime-2.3.5.jar:/opt/nifi/nifi-current/./lib/java11/txw2-2.3.5.jar -Dorg.apache.jasper.compiler.disablejsr199=true -Xmx512m -Xms512m -Dcurator-log-only-first-connection-issue-as-error-level=true -Djavax.security.auth.useSubjectCredsOnly=true -Djava.security.egd=file:/dev/urandom -Dzookeeper.admin.enableServer=false -Dsun.net.http.allowRestrictedHeaders=true -Djava.net.preferIPv4Stack=true -Djava.awt.headless=true -Djava.protocol.handler.pkgs=sun.net.www.protocol -Dnifi.properties.file.path=/opt/nifi/nifi-current/./conf/nifi.properties -Dnifi.bootstrap.listen.port=34589 -Dapp=NiFi -Dorg.apache.nifi.bootstrap.config.log.dir=/opt/nifi/nifi-current/logs org.apache.nifi.NiFi 
2023-02-26 14:21:41,206 INFO [main] org.apache.nifi.bootstrap.Command Launched Apache NiFi with Process ID 114
2023-02-26 14:21:41,626 INFO [NiFi Bootstrap Command Listener] org.apache.nifi.bootstrap.RunNiFi Apache NiFi now running and listening for Bootstrap requests on port 42851
2023-02-26 14:21:55,537 ERROR [NiFi logging handler] org.apache.nifi.StdErr Warning: Nashorn engine is planned to be removed from a future JDK release
2023-02-26 14:21:57,917 ERROR [NiFi logging handler] org.apache.nifi.StdErr Warning: Nashorn engine is planned to be removed from a future JDK release
2023-02-26 14:21:57,927 ERROR [NiFi logging handler] org.apache.nifi.StdErr Warning: Nashorn engine is planned to be removed from a future JDK release
2023-02-26 14:21:57,989 ERROR [NiFi logging handler] org.apache.nifi.StdErr Warning: Nashorn engine is planned to be removed from a future JDK release
2023-02-26 14:21:58,139 ERROR [NiFi logging handler] org.apache.nifi.StdErr Warning: Nashorn engine is planned to be removed from a future JDK release
2023-02-26 14:21:58,159 ERROR [NiFi logging handler] org.apache.nifi.StdErr Warning: Nashorn engine is planned to be removed from a future JDK release
2023-02-26 14:21:58,171 ERROR [NiFi logging handler] org.apache.nifi.StdErr Warning: Nashorn engine is planned to be removed from a future JDK release
2023-02-26 14:21:58,177 ERROR [NiFi logging handler] org.apache.nifi.StdErr Warning: Nashorn engine is planned to be removed from a future JDK release
2023-02-26 14:21:58,201 ERROR [NiFi logging handler] org.apache.nifi.StdErr Warning: Nashorn engine is planned to be removed from a future JDK release
2023-02-26 14:23:57,388 INFO [main] o.a.n.b.NotificationServiceManager Successfully loaded the following 0 services: []
2023-02-26 14:23:57,390 INFO [main] org.apache.nifi.bootstrap.RunNiFi Registered no Notification Services for Notification Type NIFI_STARTED
2023-02-26 14:23:57,390 INFO [main] org.apache.nifi.bootstrap.RunNiFi Registered no Notification Services for Notification Type NIFI_STOPPED
2023-02-26 14:23:57,390 INFO [main] org.apache.nifi.bootstrap.RunNiFi Registered no Notification Services for Notification Type NIFI_DIED
2023-02-26 14:23:57,402 INFO [main] org.apache.nifi.bootstrap.Command Apache NiFi has accepted the Shutdown Command and is shutting down now
2023-02-26 14:23:57,432 INFO [main] org.apache.nifi.bootstrap.Command NiFi PID [114] shutdown in progress...
2023-02-26 14:23:59,435 INFO [main] org.apache.nifi.bootstrap.Command NiFi PID [114] shutdown in progress...
2023-02-26 14:24:00,229 INFO [main] org.apache.nifi.bootstrap.RunNiFi A shutdown was initiated. Will not restart NiFi
2023-02-26 14:24:01,439 INFO [main] org.apache.nifi.bootstrap.Command NiFi PID [114] shutdown completed
2023-02-26 14:25:45,341 INFO [main] o.a.n.b.NotificationServiceManager Successfully loaded the following 0 services: []
2023-02-26 14:25:45,343 INFO [main] org.apache.nifi.bootstrap.RunNiFi Registered no Notification Services for Notification Type NIFI_STARTED
2023-02-26 14:25:45,343 INFO [main] org.apache.nifi.bootstrap.RunNiFi Registered no Notification Services for Notification Type NIFI_STOPPED
2023-02-26 14:25:45,343 INFO [main] org.apache.nifi.bootstrap.RunNiFi Registered no Notification Services for Notification Type NIFI_DIED
2023-02-26 14:25:45,345 INFO [main] org.apache.nifi.bootstrap.RunNiFi Runtime Java version: 11.0.18
2023-02-26 14:25:45,358 INFO [main] org.apache.nifi.bootstrap.Command Starting Apache NiFi...
2023-02-26 14:25:45,358 INFO [main] org.apache.nifi.bootstrap.Command Working Directory: /opt/nifi/nifi-current
2023-02-26 14:25:45,358 INFO [main] org.apache.nifi.bootstrap.Command Command: /opt/java/openjdk/bin/java -classpath /opt/nifi/nifi-current/./conf:/opt/nifi/nifi-current/./lib/javax.servlet-api-3.1.0.jar:/opt/nifi/nifi-current/./lib/jcl-over-slf4j-2.0.6.jar:/opt/nifi/nifi-current/./lib/jetty-schemas-5.2.jar:/opt/nifi/nifi-current/./lib/jul-to-slf4j-2.0.6.jar:/opt/nifi/nifi-current/./lib/log4j-over-slf4j-2.0.6.jar:/opt/nifi/nifi-current/./lib/logback-classic-1.3.5.jar:/opt/nifi/nifi-current/./lib/logback-core-1.3.5.jar:/opt/nifi/nifi-current/./lib/nifi-api-1.20.0.jar:/opt/nifi/nifi-current/./lib/nifi-framework-api-1.20.0.jar:/opt/nifi/nifi-current/./lib/nifi-nar-utils-1.20.0.jar:/opt/nifi/nifi-current/./lib/nifi-properties-1.20.0.jar:/opt/nifi/nifi-current/./lib/nifi-property-utils-1.20.0.jar:/opt/nifi/nifi-current/./lib/nifi-runtime-1.20.0.jar:/opt/nifi/nifi-current/./lib/nifi-server-api-1.20.0.jar:/opt/nifi/nifi-current/./lib/nifi-stateless-api-1.20.0.jar:/opt/nifi/nifi-current/./lib/nifi-stateless-bootstrap-1.20.0.jar:/opt/nifi/nifi-current/./lib/slf4j-api-2.0.6.jar:/opt/nifi/nifi-current/./lib/java11/istack-commons-runtime-3.0.12.jar:/opt/nifi/nifi-current/./lib/java11/jakarta.activation-1.2.2.jar:/opt/nifi/nifi-current/./lib/java11/jakarta.activation-api-1.2.2.jar:/opt/nifi/nifi-current/./lib/java11/jakarta.xml.bind-api-2.3.3.jar:/opt/nifi/nifi-current/./lib/java11/javax.annotation-api-1.3.2.jar:/opt/nifi/nifi-current/./lib/java11/jaxb-runtime-2.3.5.jar:/opt/nifi/nifi-current/./lib/java11/txw2-2.3.5.jar -Dorg.apache.jasper.compiler.disablejsr199=true -Xmx512m -Xms512m -Dcurator-log-only-first-connection-issue-as-error-level=true -Djavax.security.auth.useSubjectCredsOnly=true -Djava.security.egd=file:/dev/urandom -Dzookeeper.admin.enableServer=false -Dsun.net.http.allowRestrictedHeaders=true -Djava.net.preferIPv4Stack=true -Djava.awt.headless=true -Djava.protocol.handler.pkgs=sun.net.www.protocol -Dnifi.properties.file.path=/opt/nifi/nifi-current/./conf/nifi.properties -Dnifi.bootstrap.listen.port=38165 -Dapp=NiFi -Dorg.apache.nifi.bootstrap.config.log.dir=/opt/nifi/nifi-current/logs org.apache.nifi.NiFi 
2023-02-26 14:25:45,413 INFO [main] org.apache.nifi.bootstrap.Command Launched Apache NiFi with Process ID 115
2023-02-26 14:25:45,892 INFO [NiFi Bootstrap Command Listener] org.apache.nifi.bootstrap.RunNiFi Apache NiFi now running and listening for Bootstrap requests on port 44179
2023-02-26 14:26:00,353 ERROR [NiFi logging handler] org.apache.nifi.StdErr Warning: Nashorn engine is planned to be removed from a future JDK release
2023-02-26 14:26:02,841 ERROR [NiFi logging handler] org.apache.nifi.StdErr Warning: Nashorn engine is planned to be removed from a future JDK release
2023-02-26 14:26:02,852 ERROR [NiFi logging handler] org.apache.nifi.StdErr Warning: Nashorn engine is planned to be removed from a future JDK release
2023-02-26 14:26:02,935 ERROR [NiFi logging handler] org.apache.nifi.StdErr Warning: Nashorn engine is planned to be removed from a future JDK release
2023-02-26 14:26:03,127 ERROR [NiFi logging handler] org.apache.nifi.StdErr Warning: Nashorn engine is planned to be removed from a future JDK release
2023-02-26 14:26:03,145 ERROR [NiFi logging handler] org.apache.nifi.StdErr Warning: Nashorn engine is planned to be removed from a future JDK release
2023-02-26 14:26:03,154 ERROR [NiFi logging handler] org.apache.nifi.StdErr Warning: Nashorn engine is planned to be removed from a future JDK release
2023-02-26 14:26:03,159 ERROR [NiFi logging handler] org.apache.nifi.StdErr Warning: Nashorn engine is planned to be removed from a future JDK release
2023-02-26 14:26:03,176 ERROR [NiFi logging handler] org.apache.nifi.StdErr Warning: Nashorn engine is planned to be removed from a future JDK release
